INFO 2025-11-19 22:11:12,410 scheduler Announcement scheduler started
INFO 2025-11-19 22:11:12,512 scheduler Announcement scheduler started
INFO 2025-11-19 22:26:28,478 scheduler Announcement scheduler started
INFO 2025-11-19 22:26:43,948 scheduler Announcement scheduler started
INFO 2025-11-19 22:30:44,483 scheduler Processing scheduled announcement: This is a test announcement. (ID: 27)
INFO 2025-11-19 22:39:06,606 scheduler Announcement scheduler started
INFO 2025-11-19 22:39:21,706 scheduler Announcement scheduler started
INFO 2025-11-19 22:46:16,437 scheduler Announcement scheduler started
INFO 2025-11-19 22:46:16,561 scheduler Processing scheduled announcement: Test Email Announcement (ID: 33)
INFO 2025-11-19 22:46:38,122 scheduler Announcement scheduler started
INFO 2025-11-19 23:04:49,042 scheduler Announcement scheduler started
INFO 2025-11-19 23:19:15,973 scheduler Announcement scheduler started
INFO 2025-11-19 23:19:47,629 scheduler Announcement scheduler started
INFO 2025-11-19 23:25:50,108 scheduler Announcement scheduler started
INFO 2025-11-19 23:26:03,321 scheduler Announcement scheduler started
INFO 2025-11-19 23:27:15,726 scheduler Announcement scheduler started
INFO 2025-11-19 23:29:51,926 scheduler Announcement scheduler started
INFO 2025-11-19 23:32:36,152 scheduler Announcement scheduler started
INFO 2025-11-19 23:33:25,673 scheduler Announcement scheduler started
INFO 2025-11-19 23:33:33,766 scheduler Announcement scheduler started
INFO 2025-11-19 23:34:03,780 scheduler Announcement scheduler started
INFO 2025-11-19 23:37:16,790 scheduler Announcement scheduler started
INFO 2025-11-19 23:41:38,180 scheduler Announcement scheduler started
INFO 2025-11-19 23:43:55,049 scheduler Announcement scheduler started
INFO 2025-11-19 23:48:43,565 scheduler Announcement scheduler started
ERROR 2025-11-19 23:48:43,671 scheduler Error checking scheduled announcements: column announcements.attachment_filename does not exist
LINE 1: ...ouncements"."type", "announcements"."attachment", "announcem...
                                                             ^

ERROR 2025-11-19 23:49:43,775 scheduler Error checking scheduled announcements: column announcements.attachment_filename does not exist
LINE 1: ...ouncements"."type", "announcements"."attachment", "announcem...
                                                             ^

INFO 2025-11-19 23:58:43,783 scheduler Announcement scheduler started
INFO 2025-11-20 00:05:33,660 scheduler Announcement scheduler started
INFO 2025-11-20 00:06:26,533 scheduler Announcement scheduler started
INFO 2025-11-20 00:06:36,703 scheduler Announcement scheduler started
INFO 2025-11-20 00:18:17,242 scheduler Announcement scheduler started
INFO 2025-11-20 00:21:17,792 scheduler Processing scheduled announcement: Test Email Announcement (ID: 35)
INFO 2025-11-20 00:21:39,356 scheduler Announcement scheduler started
INFO 2025-11-20 00:21:52,467 scheduler Announcement scheduler started
INFO 2025-11-20 00:36:27,580 scheduler Announcement scheduler started
INFO 2025-11-20 01:03:58,718 scheduler Announcement scheduler started
INFO 2025-11-20 01:04:13,648 scheduler Announcement scheduler started
INFO 2025-11-20 01:04:35,737 scheduler Announcement scheduler started
